{
  "RSpec": {
    "coverage": {
      "/home/bloopletech/work/boolean_dsl/lib/boolean_dsl.rb": [
        1,
        null,
        1,
        null,
        null,
        1,
        1
      ],
      "/home/bloopletech/work/boolean_dsl/lib/boolean_dsl/parser.rb": [
        null,
        null,
        null,
        null,
        null,
        null,
        null,
        null,
        null,
        null,
        null,
        null,
        1,
        null,
        23,
        23,
        null,
        null,
        26,
        null,
        8,
        13,
        null,
        18,
        null,
        null,
        26,
        null,
        null,
        26,
        26,
        null,
        null,
        1,
        25,
        null,
        26,
        null,
        null,
        16,
        26,
        null,
        26,
        null,
        null,
        26,
        null,
        1,
        null,
        null
      ]
    },
    "timestamp": 1401245978
  }
}
