{
  "RSpec": {
    "coverage": {
      "/home/bloopletech/work/boolean_dsl/lib/boolean_dsl.rb": [
        1,
        null,
        1,
        null,
        null,
        1,
        1,
        1
      ],
      "/home/bloopletech/work/boolean_dsl/lib/boolean_dsl/parser.rb": [
        1,
        null,
        35,
        35,
        null,
        null,
        35,
        null,
        11,
        19,
        null,
        23,
        null,
        null,
        35,
        null,
        null,
        35,
        35,
        null,
        null,
        1,
        34,
        null,
        35,
        null,
        null,
        25,
        35,
        null,
        35,
        null,
        null,
        35,
        null,
        1,
        null,
        null
      ],
      "/home/bloopletech/work/boolean_dsl/lib/boolean_dsl/evaluator.rb": [
        1,
        1,
        null,
        1,
        44,
        44,
        44,
        null,
        null,
        1,
        7,
        null,
        7,
        null,
        null,
        1,
        84,
        22,
        62,
        7,
        55,
        4,
        51,
        9,
        42,
        5,
        37,
        37,
        null,
        null,
        null,
        null,
        null,
        null,
        null,
        null,
        null,
        1,
        36,
        null,
        22,
        null,
        5,
        null,
        5,
        null,
        1,
        null,
        2,
        null,
        1,
        null,
        null,
        null,
        null,
        null,
        null,
        null,
        null,
        null,
        1,
        15,
        null,
        8,
        null,
        7,
        null,
        null,
        null,
        null
      ]
    },
    "timestamp": 1401249675
  }
}
